********************************************************************************
DUPLICATOR-LITE PACKAGE-LOG: 19th December 2018 2:41 pm
NOTICE: Do NOT post to public sites or forums 
********************************************************************************
VERSION:	1.3.0
WORDPRESS:	5.0.1
PHP INFO:	7.1.6 | SAPI: apache2handler
SERVER:		Apache/2.2.32 (Unix) mod_wsgi/3.5 Python/2.7.13 PHP/7.1.6 mod_ssl/2.2.32 OpenSSL/1.0.2j DAV/2 mod_fastcgi/2.4.6 mod_perl/2.0.9 Perl/v5.24.0 
PHP TIME LIMIT: (0) no time limit imposed 
PHP MAX MEMORY: 2048M (128M default) 
MEMORY STACK: 6MB 

********************************************************************************
DATABASE:
********************************************************************************
BUILD MODE:   PHP(query limit - 100)
MYSQLTIMEOUT: 5000
MYSQLDUMP:    Not Supported 
TABLES: total:13 | filtered:0 | create:13 
FILTERED: [] 
SQL CREATED: 20181219_jamesbrown_3cdd69b98f70ff735970_20181219144026_database.sql 
SQL FILE SIZE: 2.41MB (2529716) 
SQL FILE TIME: 2018-12-19 14:41:36 
SQL RUNTIME: 0.52 sec. 

******************************************************************************** 
ARCHIVE (ZIP): 
******************************************************************************** 
ARCHIVE DIR:  /Users/Beth/Sites/wordpress/jamesbrown 
ARCHIVE FILE: 20181219_jamesbrown_3cdd69b98f70ff735970_20181219144026_archive.zip 
FILTERS: *OFF* 
DIRS:
	not set 
FILES:
	not set 
EXTS:  not set 
---------------------------------------- 
COMPRESSING 
SIZE:	145.15MB 
STATS:	Dirs 468 | Files 3,503 
SQL ADDED: 20181219_jamesbrown_3cdd69b98f70ff735970_20181219144026_database.sql 
ZipArchive Object
(
    [status] => 0
    [statusSys] => 0
    [numFiles] => 3971
    [filename] => /Users/Beth/Sites/wordpress/jamesbrown/wp-snapshots/tmp/20181219_jamesbrown_3cdd69b98f70ff735970_20181219144026_archive.zip
    [comment] => 
)
 
COMPRESSION RESULT: '1' 
COMPRESSED SIZE: 96.71MB 
ARCHIVE RUNTIME: 26.34 sec. 
MEMORY STACK: 8MB 
building installer 
add_extra_files1 
add_extra_files2 
add_extra_files3 
add_extra_files4 
Doing archive file check 
add_extra_files5 
add_extra_files6 
add_extra_files8 
Successfully opened zip /Users/Beth/Sites/wordpress/jamesbrown/wp-snapshots/tmp/20181219_jamesbrown_3cdd69b98f70ff735970_20181219144026_archive.zip 
Adding enhanced installer files to archive using ZipArchive 
Installer files added to archive 
Added to archive 
After ziparchive close when adding installer 

******************************************************************************** 
INTEGRITY CHECKS: 
******************************************************************************** 
SQL File: 2.41MB 
Installer File: 32.64KB 
Archive File: 97.55MB  

********************************************************************************
RECORD ID:[1]
TOTAL PROCESS RUNTIME: 30.34 sec.
PEAK PHP MEMORY USED: 10MB
DONE PROCESSING => 20181219_jamesbrown 19th December 2018 2:42 pm
 
